# JRE version: OpenJDK Runtime Environment (17.0.6) (build 17.0.6+0-b2043.56-9586694)
# Java VM: OpenJDK 64-Bit Server VM (17.0.6+0-b2043.56-9586694, mixed mode, tiered, compressed oops, compressed class ptrs, g1 gc, windows-amd64)
GC Precious Log:
 CPUs: 12 total, 12 available
 Memory: 16234M
 Large Page Support: Disabled
 NUMA Support: Disabled
 Compressed Oops: Enabled (32-bit)
 Heap Region Size: 1M
 Heap Min Capacity: 8M
 Heap Initial Capacity: 254M
 Heap Max Capacity: 2G
 Pre-touch: Disabled
 Parallel Workers: 10
 Concurrent Workers: 3
 Concurrent Refinement Workers: 10
 Periodic GC: Disabled
Heap:
 garbage-first heap   total 97280K, used 48999K [0x0000000080000000, 0x0000000100000000)
  region size 1024K, 22 young (22528K), 3 survivors (3072K)
 Metaspace       used 44561K, committed 44992K, reserved 1089536K
  class space    used 5898K, committed 6080K, reserved 1048576K
GC Heap History (16 events):
Event: 0.637 GC heap before
{Heap before GC invocations=0 (full 0):
 garbage-first heap   total 260096K, used 26624K [0x0000000080000000, 0x0000000100000000)
  region size 1024K, 23 young (23552K), 0 survivors (0K)
 Metaspace       used 10227K, committed 10432K, reserved 1064960K
  class space    used 1058K, committed 1152K, reserved 1048576K
}
Event: 0.640 GC heap after
{Heap after GC invocations=1 (full 0):
 garbage-first heap   total 260096K, used 10002K [0x0000000080000000, 0x0000000100000000)
  region size 1024K, 3 young (3072K), 3 survivors (3072K)
 Metaspace       used 10227K, committed 10432K, reserved 1064960K
  class space    used 1058K, committed 1152K, reserved 1048576K
}
Event: 0.936 GC heap before
{Heap before GC invocations=1 (full 0):
 garbage-first heap   total 260096K, used 40722K [0x0000000080000000, 0x0000000100000000)
  region size 1024K, 32 young (32768K), 3 survivors (3072K)
 Metaspace       used 11166K, committed 11392K, reserved 1064960K
  class space    used 1161K, committed 1280K, reserved 1048576K
}
Event: 0.939 GC heap after
{Heap after GC invocations=2 (full 0):
 garbage-first heap   total 260096K, used 14678K [0x0000000080000000, 0x0000000100000000)
  region size 1024K, 4 young (4096K), 4 survivors (4096K)
 Metaspace       used 11166K, committed 11392K, reserved 1064960K
  class space    used 1161K, committed 1280K, reserved 1048576K
}
Event: 1.676 GC heap before
{Heap before GC invocations=2 (full 0):
 garbage-first heap   total 260096K, used 51542K [0x0000000080000000, 0x0000000100000000)
  region size 1024K, 41 young (41984K), 4 survivors (4096K)
 Metaspace       used 21282K, committed 21504K, reserved 1073152K
  class space    used 2603K, committed 2688K, reserved 1048576K
}
Event: 1.681 GC heap after
{Heap after GC invocations=3 (full 0):
 garbage-first heap   total 260096K, used 18832K [0x0000000080000000, 0x0000000100000000)
  region size 1024K, 9 young (9216K), 9 survivors (9216K)
 Metaspace       used 21282K, committed 21504K, reserved 1073152K
  class space    used 2603K, committed 2688K, reserved 1048576K
}
Event: 2.183 GC heap before
{Heap before GC invocations=4 (full 0):
 garbage-first heap   total 71680K, used 52624K [0x0000000080000000, 0x0000000100000000)
  region size 1024K, 42 young (43008K), 9 survivors (9216K)
 Metaspace       used 26452K, committed 26752K, reserved 1073152K
  class space    used 3500K, committed 3648K, reserved 1048576K
}
Event: 2.191 GC heap after
{Heap after GC invocations=5 (full 0):
 garbage-first heap   total 71680K, used 20729K [0x0000000080000000, 0x0000000100000000)
  region size 1024K, 3 young (3072K), 3 survivors (3072K)
 Metaspace       used 26452K, committed 26752K, reserved 1073152K
  class space    used 3500K, committed 3648K, reserved 1048576K
}
Event: 2.579 GC heap before
{Heap before GC invocations=5 (full 0):
 garbage-first heap   total 71680K, used 47353K [0x0000000080000000, 0x0000000100000000)
  region size 1024K, 30 young (30720K), 3 survivors (3072K)
 Metaspace       used 30660K, committed 30976K, reserved 1081344K
  class space    used 4190K, committed 4352K, reserved 1048576K
}
Event: 2.581 GC heap after
{Heap after GC invocations=6 (full 0):
 garbage-first heap   total 71680K, used 21995K [0x0000000080000000, 0x0000000100000000)
  region size 1024K, 4 young (4096K), 4 survivors (4096K)
 Metaspace       used 30660K, committed 30976K, reserved 1081344K
  class space    used 4190K, committed 4352K, reserved 1048576K
}
Event: 3.057 GC heap before
{Heap before GC invocations=6 (full 0):
 garbage-first heap   total 71680K, used 47595K [0x0000000080000000, 0x0000000100000000)
  region size 1024K, 31 young (31744K), 4 survivors (4096K)
 Metaspace       used 35666K, committed 35968K, reserved 1081344K
  class space    used 4894K, committed 5056K, reserved 1048576K
}
Event: 3.061 GC heap after
{Heap after GC invocations=7 (full 0):
 garbage-first heap   total 71680K, used 24224K [0x0000000080000000, 0x0000000100000000)
  region size 1024K, 4 young (4096K), 4 survivors (4096K)
 Metaspace       used 35666K, committed 35968K, reserved 1081344K
  class space    used 4894K, committed 5056K, reserved 1048576K
}
Event: 3.346 GC heap before
{Heap before GC invocations=8 (full 0):
 garbage-first heap   total 71680K, used 51872K [0x0000000080000000, 0x0000000100000000)
  region size 1024K, 32 young (32768K), 4 survivors (4096K)
 Metaspace       used 40300K, committed 40640K, reserved 1089536K
  class space    used 5353K, committed 5504K, reserved 1048576K
}
Event: 3.351 GC heap after
{Heap after GC invocations=9 (full 0):
 garbage-first heap   total 71680K, used 28554K [0x0000000080000000, 0x0000000100000000)
  region size 1024K, 4 young (4096K), 4 survivors (4096K)
 Metaspace       used 40300K, committed 40640K, reserved 1089536K
  class space    used 5353K, committed 5504K, reserved 1048576K
}
Event: 3.623 GC heap before
{Heap before GC invocations=9 (full 0):
 garbage-first heap   total 71680K, used 55178K [0x0000000080000000, 0x0000000100000000)
  region size 1024K, 28 young (28672K), 4 survivors (4096K)
 Metaspace       used 42495K, committed 42880K, reserved 1089536K
  class space    used 5568K, committed 5696K, reserved 1048576K
}
Event: 3.627 GC heap after
{Heap after GC invocations=10 (full 0):
 garbage-first heap   total 97280K, used 30567K [0x0000000080000000, 0x0000000100000000)
  region size 1024K, 3 young (3072K), 3 survivors (3072K)
 Metaspace       used 42495K, committed 42880K, reserved 1089536K
  class space    used 5568K, committed 5696K, reserved 1048576K
}

